# JRE version: OpenJDK Runtime Environment Temurin-11.0.12+7 (11.0.12+7) (build 11.0.12+7)
# Java VM: OpenJDK 64-Bit Server VM Temurin-11.0.12+7 (11.0.12+7, mixed mode, tiered, compressed oops, g1 gc, bsd-amd64)
Heap:
 garbage-first heap   total 189440K, used 71945K [0x0000000780000000, 0x0000000800000000)
  region size 1024K, 40 young (40960K), 2 survivors (2048K)
 Metaspace       used 62926K, capacity 65061K, committed 65360K, reserved 1105920K
  class space    used 8277K, capacity 9126K, committed 9216K, reserved 1048576K
GC Heap History (20 events):
Event: 1.137 GC heap before
{Heap before GC invocations=1 (full 0):
 garbage-first heap   total 131072K, used 26635K [0x0000000780000000, 0x0000000800000000)
  region size 1024K, 22 young (22528K), 3 survivors (3072K)
 Metaspace       used 18926K, capacity 19464K, committed 19584K, reserved 1067008K
  class space    used 2178K, capacity 2419K, committed 2432K, reserved 1048576K
}
Event: 1.141 GC heap after
{Heap after GC invocations=2 (full 0):
 garbage-first heap   total 131072K, used 8773K [0x0000000780000000, 0x0000000800000000)
  region size 1024K, 2 young (2048K), 2 survivors (2048K)
 Metaspace       used 18926K, capacity 19464K, committed 19584K, reserved 1067008K
  class space    used 2178K, capacity 2419K, committed 2432K, reserved 1048576K
}
Event: 1.174 GC heap before
{Heap before GC invocations=2 (full 0):
 garbage-first heap   total 131072K, used 14917K [0x0000000780000000, 0x0000000800000000)
  region size 1024K, 9 young (9216K), 2 survivors (2048K)
 Metaspace       used 20520K, capacity 21149K, committed 21552K, reserved 1069056K
  class space    used 2363K, capacity 2644K, committed 2688K, reserved 1048576K
}
Event: 1.177 GC heap after
{Heap after GC invocations=3 (full 0):
 garbage-first heap   total 131072K, used 8901K [0x0000000780000000, 0x0000000800000000)
  region size 1024K, 2 young (2048K), 2 survivors (2048K)
 Metaspace       used 20520K, capacity 21149K, committed 21552K, reserved 1069056K
  class space    used 2363K, capacity 2644K, committed 2688K, reserved 1048576K
}
Event: 1.351 GC heap before
{Heap before GC invocations=4 (full 0):
 garbage-first heap   total 131072K, used 63173K [0x0000000780000000, 0x0000000800000000)
  region size 1024K, 56 young (57344K), 2 survivors (2048K)
 Metaspace       used 24206K, capacity 24996K, committed 25136K, reserved 1071104K
  class space    used 2833K, capacity 3117K, committed 3200K, reserved 1048576K
}
Event: 1.354 GC heap after
{Heap after GC invocations=5 (full 0):
 garbage-first heap   total 131072K, used 10272K [0x0000000780000000, 0x0000000800000000)
  region size 1024K, 3 young (3072K), 3 survivors (3072K)
 Metaspace       used 24206K, capacity 24996K, committed 25136K, reserved 1071104K
  class space    used 2833K, capacity 3117K, committed 3200K, reserved 1048576K
}
Event: 1.956 GC heap before
{Heap before GC invocations=5 (full 0):
 garbage-first heap   total 131072K, used 74784K [0x0000000780000000, 0x0000000800000000)
  region size 1024K, 66 young (67584K), 3 survivors (3072K)
 Metaspace       used 30612K, capacity 31681K, committed 31792K, reserved 1077248K
  class space    used 3777K, capacity 4194K, committed 4224K, reserved 1048576K
}
Event: 1.967 GC heap after
{Heap after GC invocations=6 (full 0):
 garbage-first heap   total 131072K, used 13736K [0x0000000780000000, 0x0000000800000000)
  region size 1024K, 7 young (7168K), 7 survivors (7168K)
 Metaspace       used 30612K, capacity 31681K, committed 31792K, reserved 1077248K
  class space    used 3777K, capacity 4194K, committed 4224K, reserved 1048576K
}
Event: 2.196 GC heap before
{Heap before GC invocations=6 (full 0):
 garbage-first heap   total 131072K, used 81320K [0x0000000780000000, 0x0000000800000000)
  region size 1024K, 74 young (75776K), 7 survivors (7168K)
 Metaspace       used 34095K, capacity 35358K, committed 35632K, reserved 1081344K
  class space    used 4205K, capacity 4696K, committed 4736K, reserved 1048576K
}
Event: 2.206 GC heap after
{Heap after GC invocations=7 (full 0):
 garbage-first heap   total 131072K, used 16257K [0x0000000780000000, 0x0000000800000000)
  region size 1024K, 8 young (8192K), 8 survivors (8192K)
 Metaspace       used 34095K, capacity 35358K, committed 35632K, reserved 1081344K
  class space    used 4205K, capacity 4696K, committed 4736K, reserved 1048576K
}
Event: 2.251 GC heap before
{Heap before GC invocations=7 (full 0):
 garbage-first heap   total 131072K, used 22401K [0x0000000780000000, 0x0000000800000000)
  region size 1024K, 15 young (15360K), 8 survivors (8192K)
 Metaspace       used 34447K, capacity 35734K, committed 35920K, reserved 1081344K
  class space    used 4259K, capacity 4779K, committed 4864K, reserved 1048576K
}
Event: 2.261 GC heap after
{Heap after GC invocations=8 (full 0):
 garbage-first heap   total 157696K, used 16375K [0x0000000780000000, 0x0000000800000000)
  region size 1024K, 3 young (3072K), 3 survivors (3072K)
 Metaspace       used 34447K, capacity 35734K, committed 35920K, reserved 1081344K
  class space    used 4259K, capacity 4779K, committed 4864K, reserved 1048576K
}
Event: 2.912 GC heap before
{Heap before GC invocations=9 (full 0):
 garbage-first heap   total 157696K, used 107511K [0x0000000780000000, 0x0000000800000000)
  region size 1024K, 92 young (94208K), 3 survivors (3072K)
 Metaspace       used 47756K, capacity 49190K, committed 49616K, reserved 1091584K
  class space    used 6127K, capacity 6679K, committed 6784K, reserved 1048576K
}
Event: 2.918 GC heap after
{Heap after GC invocations=10 (full 0):
 garbage-first heap   total 157696K, used 20564K [0x0000000780000000, 0x0000000800000000)
  region size 1024K, 8 young (8192K), 8 survivors (8192K)
 Metaspace       used 47756K, capacity 49190K, committed 49616K, reserved 1091584K
  class space    used 6127K, capacity 6679K, committed 6784K, reserved 1048576K
}
Event: 3.422 GC heap before
{Heap before GC invocations=10 (full 0):
 garbage-first heap   total 157696K, used 106580K [0x0000000780000000, 0x0000000800000000)
  region size 1024K, 92 young (94208K), 8 survivors (8192K)
 Metaspace       used 54423K, capacity 56165K, committed 56272K, reserved 1097728K
  class space    used 7085K, capacity 7786K, committed 7808K, reserved 1048576K
}
Event: 3.429 GC heap after
{Heap after GC invocations=11 (full 0):
 garbage-first heap   total 157696K, used 25350K [0x0000000780000000, 0x0000000800000000)
  region size 1024K, 10 young (10240K), 10 survivors (10240K)
 Metaspace       used 54423K, capacity 56165K, committed 56272K, reserved 1097728K
  class space    used 7085K, capacity 7786K, committed 7808K, reserved 1048576K
}
Event: 3.869 GC heap before
{Heap before GC invocations=11 (full 0):
 garbage-first heap   total 157696K, used 109318K [0x0000000780000000, 0x0000000800000000)
  region size 1024K, 92 young (94208K), 10 survivors (10240K)
 Metaspace       used 57885K, capacity 59823K, committed 59984K, reserved 1101824K
  class space    used 7597K, capacity 8383K, committed 8448K, reserved 1048576K
}
Event: 3.877 GC heap after
{Heap after GC invocations=12 (full 0):
 garbage-first heap   total 157696K, used 32379K [0x0000000780000000, 0x0000000800000000)
  region size 1024K, 12 young (12288K), 12 survivors (12288K)
 Metaspace       used 57885K, capacity 59823K, committed 59984K, reserved 1101824K
  class space    used 7597K, capacity 8383K, committed 8448K, reserved 1048576K
}
Event: 3.901 GC heap before
{Heap before GC invocations=12 (full 0):
 garbage-first heap   total 157696K, used 34427K [0x0000000780000000, 0x0000000800000000)
  region size 1024K, 15 young (15360K), 12 survivors (12288K)
 Metaspace       used 58183K, capacity 60121K, committed 60240K, reserved 1101824K
  class space    used 7635K, capacity 8399K, committed 8448K, reserved 1048576K
}
Event: 3.912 GC heap after
{Heap after GC invocations=13 (full 0):
 garbage-first heap   total 189440K, used 34057K [0x0000000780000000, 0x0000000800000000)
  region size 1024K, 2 young (2048K), 2 survivors (2048K)
 Metaspace       used 58183K, capacity 60121K, committed 60240K, reserved 1101824K
  class space    used 7635K, capacity 8399K, committed 8448K, reserved 1048576K
}

